{
    "C:\\Users\\Juven\\WebstormProjects\\company\\demo\\tomato\\config\\env.js":{
        "path":"C:\\Users\\Juven\\WebstormProjects\\company\\demo\\tomato\\config\\env.js",
        "s":{
            "1":1,
            "2":1,
            "3":1,
            "4":1,
            "5":1,
            "6":1,
            "7":0,
            "8":1,
            "9":1
        },
        "b":{
            "1":[
                1,
                0
            ],
            "2":[
                1,
                1,
                1
            ],
            "3":[
                0,
                1
            ]
        },
        "f":{},
        "fnMap":{},
        "statementMap":{
            "1":{
                "start":{
                    "line":2,
                    "column":0
                },
                "end":{
                    "line":2,
                    "column":19
                }
            },
            "2":{
                "start":{
                    "line":3,
                    "column":0
                },
                "end":{
                    "line":3,
                    "column":19
                }
            },
            "3":{
                "start":{
                    "line":4,
                    "column":0
                },
                "end":{
                    "line":10,
                    "column":1
                }
            },
            "4":{
                "start":{
                    "line":5,
                    "column":4
                },
                "end":{
                    "line":5,
                    "column":35
                }
            },
            "5":{
                "start":{
                    "line":6,
                    "column":4
                },
                "end":{
                    "line":6,
                    "column":36
                }
            },
            "6":{
                "start":{
                    "line":7,
                    "column":4
                },
                "end":{
                    "line":7,
                    "column":51
                }
            },
            "7":{
                "start":{
                    "line":9,
                    "column":4
                },
                "end":{
                    "line":9,
                    "column":83
                }
            },
            "8":{
                "start":{
                    "line":11,
                    "column":0
                },
                "end":{
                    "line":11,
                    "column":76
                }
            },
            "9":{
                "start":{
                    "line":13,
                    "column":0
                },
                "end":{
                    "line":13,
                    "column":27
                }
            }
        },
        "branchMap":{
            "1":{
                "line":4,
                "type":"if",
                "locations":[
                    {
                        "start":{
                            "line":4,
                            "column":0
                        },
                        "end":{
                            "line":4,
                            "column":0
                        }
                    },
                    {
                        "start":{
                            "line":4,
                            "column":0
                        },
                        "end":{
                            "line":4,
                            "column":0
                        }
                    }
                ]
            },
            "2":{
                "line":4,
                "type":"binary-expr",
                "locations":[
                    {
                        "start":{
                            "line":4,
                            "column":4
                        },
                        "end":{
                            "line":4,
                            "column":11
                        }
                    },
                    {
                        "start":{
                            "line":4,
                            "column":15
                        },
                        "end":{
                            "line":4,
                            "column":26
                        }
                    },
                    {
                        "start":{
                            "line":4,
                            "column":30
                        },
                        "end":{
                            "line":4,
                            "column":50
                        }
                    }
                ]
            },
            "3":{
                "line":11,
                "type":"cond-expr",
                "locations":[
                    {
                        "start":{
                            "line":11,
                            "column":21
                        },
                        "end":{
                            "line":11,
                            "column":47
                        }
                    },
                    {
                        "start":{
                            "line":11,
                            "column":50
                        },
                        "end":{
                            "line":11,
                            "column":75
                        }
                    }
                ]
            }
        }
    },
    "C:\\Users\\Juven\\WebstormProjects\\company\\demo\\tomato\\config\\env\\dev.conf.js":{
        "path":"C:\\Users\\Juven\\WebstormProjects\\company\\demo\\tomato\\config\\env\\dev.conf.js",
        "s":{
            "1":1,
            "2":1,
            "3":1
        },
        "b":{},
        "f":{},
        "fnMap":{},
        "statementMap":{
            "1":{
                "start":{
                    "line":2,
                    "column":0
                },
                "end":{
                    "line":2,
                    "column":47
                }
            },
            "2":{
                "start":{
                    "line":3,
                    "column":0
                },
                "end":{
                    "line":3,
                    "column":34
                }
            },
            "3":{
                "start":{
                    "line":7,
                    "column":0
                },
                "end":{
                    "line":16,
                    "column":9
                }
            }
        },
        "branchMap":{}
    },
    "C:\\Users\\Juven\\WebstormProjects\\company\\demo\\tomato\\config\\env\\base.conf.js":{
        "path":"C:\\Users\\Juven\\WebstormProjects\\company\\demo\\tomato\\config\\env\\base.conf.js",
        "s":{
            "1":1,
            "2":1,
            "3":1,
            "4":1,
            "5":1
        },
        "b":{
            "1":[
                1,
                0
            ]
        },
        "f":{},
        "fnMap":{},
        "statementMap":{
            "1":{
                "start":{
                    "line":2,
                    "column":0
                },
                "end":{
                    "line":2,
                    "column":27
                }
            },
            "2":{
                "start":{
                    "line":3,
                    "column":0
                },
                "end":{
                    "line":3,
                    "column":48
                }
            },
            "3":{
                "start":{
                    "line":4,
                    "column":0
                },
                "end":{
                    "line":4,
                    "column":24
                }
            },
            "4":{
                "start":{
                    "line":5,
                    "column":0
                },
                "end":{
                    "line":37,
                    "column":2
                }
            },
            "5":{
                "start":{
                    "line":39,
                    "column":0
                },
                "end":{
                    "line":39,
                    "column":22
                }
            }
        },
        "branchMap":{
            "1":{
                "line":10,
                "type":"binary-expr",
                "locations":[
                    {
                        "start":{
                            "line":10,
                            "column":7
                        },
                        "end":{
                            "line":10,
                            "column":27
                        }
                    },
                    {
                        "start":{
                            "line":10,
                            "column":31
                        },
                        "end":{
                            "line":10,
                            "column":44
                        }
                    }
                ]
            }
        }
    }
}
