TN:
SF:C:\Users\Juven\WebstormProjects\company\demo\tomato\app\util\Store.js
FN:12,(anonymous_0)
FN:18,(anonymous_1)
FN:22,(anonymous_2)
FN:30,(anonymous_3)
FN:39,(anonymous_4)
FN:51,(anonymous_5)
FN:66,(anonymous_6)
FN:71,(anonymous_7)
FN:77,(anonymous_8)
FN:87,(anonymous_9)
FN:101,(anonymous_10)
FN:106,(anonymous_11)
FN:110,(anonymous_12)
FN:114,(anonymous_13)
FNF:14
FNH:13
FNDA:3,(anonymous_0)
FNDA:6,(anonymous_1)
FNDA:1,(anonymous_2)
FNDA:1,(anonymous_3)
FNDA:0,(anonymous_4)
FNDA:1,(anonymous_5)
FNDA:1,(anonymous_6)
FNDA:1,(anonymous_7)
FNDA:1,(anonymous_8)
FNDA:1,(anonymous_9)
FNDA:3,(anonymous_10)
FNDA:2,(anonymous_11)
FNDA:2,(anonymous_12)
FNDA:2,(anonymous_13)
DA:2,1
DA:3,1
DA:4,1
DA:5,1
DA:6,1
DA:13,3
DA:14,3
DA:15,3
DA:19,6
DA:23,1
DA:24,1
DA:25,0
DA:27,1
DA:31,1
DA:32,1
DA:34,0
DA:35,0
DA:38,1
DA:39,1
DA:40,0
DA:43,1
DA:44,1
DA:46,0
DA:48,1
DA:52,1
DA:54,1
DA:56,1
DA:57,1
DA:58,1
DA:67,1
DA:68,1
DA:72,1
DA:73,1
DA:74,1
DA:78,1
DA:79,1
DA:80,1
DA:82,0
DA:84,1
DA:88,1
DA:89,1
DA:90,1
DA:92,0
DA:103,3
DA:107,2
DA:111,2
DA:115,2
DA:123,1
DA:125,1
LF:49
LH:42
BRDA:24,0,0,0
BRDA:24,0,1,1
BRDA:32,1,0,0
BRDA:32,1,1,1
BRDA:32,2,0,1
BRDA:32,2,1,0
BRDA:35,3,0,0
BRDA:35,3,1,0
BRDA:38,4,0,1
BRDA:38,4,1,0
BRDA:57,5,0,1
BRDA:57,5,1,1
BRDA:103,6,0,1
BRDA:103,6,1,2
BRF:14
BRH:8
end_of_record
TN:
SF:C:\Users\Juven\WebstormProjects\company\demo\tomato\config\env.js
FNF:0
FNH:0
DA:2,1
DA:3,1
DA:4,1
DA:5,1
DA:6,1
DA:7,1
DA:9,0
DA:11,1
DA:13,1
LF:9
LH:8
BRDA:4,0,0,1
BRDA:4,0,1,0
BRDA:4,1,0,1
BRDA:4,1,1,1
BRDA:4,1,2,1
BRDA:11,2,0,0
BRDA:11,2,1,1
BRF:7
BRH:5
end_of_record
TN:
SF:C:\Users\Juven\WebstormProjects\company\demo\tomato\config\env\base.conf.js
FNF:0
FNH:0
DA:2,1
DA:3,1
DA:4,1
DA:5,1
DA:39,1
LF:5
LH:5
BRDA:10,0,0,1
BRDA:10,0,1,0
BRF:2
BRH:1
end_of_record
TN:
SF:C:\Users\Juven\WebstormProjects\company\demo\tomato\config\env\dev.conf.js
FNF:0
FNH:0
DA:2,1
DA:3,1
DA:7,1
LF:3
LH:3
BRF:0
BRH:0
end_of_record
